  Logger.cpp
C:\Users\fruit\Desktop\Engines\SomaEngine\SomaEngine\SomaEngine\include\core\Logger.hpp(22,42): warning C4251: 'SOMA_ENGINE::Logger::s_CoreLogger': class 'std::shared_ptr<spdlog::logger>' needs to have dll-interface to be used by clients of class 'SOMA_ENGINE::Logger'
C:\Users\fruit\Desktop\Engines\SomaEngine\SomaEngine\SomaEngine\vendor\spdlog\include\spdlog\details\registry.h(34): message : see declaration of 'std::shared_ptr<spdlog::logger>'
C:\Users\fruit\Desktop\Engines\SomaEngine\SomaEngine\SomaEngine\include\core\Logger.hpp(23,42): warning C4251: 'SOMA_ENGINE::Logger::s_ClientLogger': class 'std::shared_ptr<spdlog::logger>' needs to have dll-interface to be used by clients of class 'SOMA_ENGINE::Logger'
C:\Users\fruit\Desktop\Engines\SomaEngine\SomaEngine\SomaEngine\vendor\spdlog\include\spdlog\details\registry.h(34): message : see declaration of 'std::shared_ptr<spdlog::logger>'
  IMainGame.cpp
C:\Users\fruit\Desktop\Engines\SomaEngine\SomaEngine\SomaEngine\include\platform\opengl\OpenGLRenderDevice.hpp(226,14): warning C4251: 'OpenGLRenderDevice::shaderVersion': class 'std::basic_string<char,std::char_traits<char>,std::allocator<char>>' needs to have dll-interface to be used by clients of class 'OpenGLRenderDevice'
C:\Program Files (x86)\Microsoft Visual Studio\2019\Community\VC\Tools\MSVC\14.29.30037\include\xstring(4905): message : see declaration of 'std::basic_string<char,std::char_traits<char>,std::allocator<char>>'
C:\Users\fruit\Desktop\Engines\SomaEngine\SomaEngine\SomaEngine\include\platform\opengl\OpenGLRenderDevice.hpp(228,27): warning C4251: 'OpenGLRenderDevice::vaoMap': class 'std::map<uint32,OpenGLRenderDevice::VertexArray,std::less<uint32>,std::allocator<std::pair<const uint32,OpenGLRenderDevice::VertexArray>>>' needs to have dll-interface to be used by clients of class 'OpenGLRenderDevice'
C:\Users\fruit\Desktop\Engines\SomaEngine\SomaEngine\SomaEngine\include\platform\opengl\OpenGLRenderDevice.hpp(228): message : see declaration of 'std::map<uint32,OpenGLRenderDevice::VertexArray,std::less<uint32>,std::allocator<std::pair<const uint32,OpenGLRenderDevice::VertexArray>>>'
C:\Users\fruit\Desktop\Engines\SomaEngine\SomaEngine\SomaEngine\include\platform\opengl\OpenGLRenderDevice.hpp(229,23): warning C4251: 'OpenGLRenderDevice::fboMap': class 'std::map<uint32,OpenGLRenderDevice::FBOData,std::less<uint32>,std::allocator<std::pair<const uint32,OpenGLRenderDevice::FBOData>>>' needs to have dll-interface to be used by clients of class 'OpenGLRenderDevice'
C:\Users\fruit\Desktop\Engines\SomaEngine\SomaEngine\SomaEngine\include\platform\opengl\OpenGLRenderDevice.hpp(229): message : see declaration of 'std::map<uint32,OpenGLRenderDevice::FBOData,std::less<uint32>,std::allocator<std::pair<const uint32,OpenGLRenderDevice::FBOData>>>'
C:\Users\fruit\Desktop\Engines\SomaEngine\SomaEngine\SomaEngine\include\platform\opengl\OpenGLRenderDevice.hpp(230,29): warning C4251: 'OpenGLRenderDevice::shaderProgramMap': class 'std::map<uint32,OpenGLRenderDevice::ShaderProgram,std::less<uint32>,std::allocator<std::pair<const uint32,OpenGLRenderDevice::ShaderProgram>>>' needs to have dll-interface to be used by clients of class 'OpenGLRenderDevice'
C:\Users\fruit\Desktop\Engines\SomaEngine\SomaEngine\SomaEngine\include\platform\opengl\OpenGLRenderDevice.hpp(230): message : see declaration of 'std::map<uint32,OpenGLRenderDevice::ShaderProgram,std::less<uint32>,std::allocator<std::pair<const uint32,OpenGLRenderDevice::ShaderProgram>>>'
C:\Users\fruit\Desktop\Engines\SomaEngine\SomaEngine\SomaEngine\include\GameRenderContext.hpp(34,1): warning C4267: 'argument': conversion from 'size_t' to 'uint32', possible loss of data
C:\Users\fruit\Desktop\Engines\SomaEngine\SomaEngine\SomaEngine\include\GameEventHandler.hpp(23,59): warning C4251: 'GameEventHandler::m_inputs': class 'std::map<uint32,std::vector<std::pair<float,InputControl &>,std::allocator<std::pair<float,InputControl &>>>,std::less<uint32>,std::allocator<std::pair<const uint32,std::vector<std::pair<float,InputControl &>,std::allocator<std::pair<float,InputControl &>>>>>>' needs to have dll-interface to be used by clients of class 'GameEventHandler'
C:\Users\fruit\Desktop\Engines\SomaEngine\SomaEngine\SomaEngine\include\GameEventHandler.hpp(23): message : see declaration of 'std::map<uint32,std::vector<std::pair<float,InputControl &>,std::allocator<std::pair<float,InputControl &>>>,std::less<uint32>,std::allocator<std::pair<const uint32,std::vector<std::pair<float,InputControl &>,std::allocator<std::pair<float,InputControl &>>>>>>'
C:\Users\fruit\Desktop\Engines\SomaEngine\SomaEngine\SomaEngine\include\core\game\ResourceManager.hpp(14,29): warning C4251: 'TextureCache::m_textureMap': class 'std::map<std::string,Texture *,std::less<std::string>,std::allocator<std::pair<const std::string,Texture *>>>' needs to have dll-interface to be used by clients of class 'TextureCache'
C:\Users\fruit\Desktop\Engines\SomaEngine\SomaEngine\SomaEngine\include\core\game\ResourceManager.hpp(14): message : see declaration of 'std::map<std::string,Texture *,std::less<std::string>,std::allocator<std::pair<const std::string,Texture *>>>'
C:\Users\fruit\Desktop\Engines\SomaEngine\SomaEngine\SomaEngine\include\core\game\ResourceManager.hpp(24,27): warning C4251: 'ModelCache::m_modelMap': class 'std::map<std::string,Model *,std::less<std::string>,std::allocator<std::pair<const std::string,Model *>>>' needs to have dll-interface to be used by clients of class 'ModelCache'
C:\Users\fruit\Desktop\Engines\SomaEngine\SomaEngine\SomaEngine\include\core\game\ResourceManager.hpp(24): message : see declaration of 'std::map<std::string,Model *,std::less<std::string>,std::allocator<std::pair<const std::string,Model *>>>'
C:\Users\fruit\Desktop\Engines\SomaEngine\SomaEngine\SomaEngine\include\core\game\ResourceManager.hpp(33,28): warning C4251: 'ShaderCache::m_shaderMap': class 'std::map<std::string,Shader *,std::less<std::string>,std::allocator<std::pair<const std::string,Shader *>>>' needs to have dll-interface to be used by clients of class 'ShaderCache'
C:\Users\fruit\Desktop\Engines\SomaEngine\SomaEngine\SomaEngine\include\core\game\ResourceManager.hpp(33): message : see declaration of 'std::map<std::string,Shader *,std::less<std::string>,std::allocator<std::pair<const std::string,Shader *>>>'
C:\Users\fruit\Desktop\Engines\SomaEngine\SomaEngine\SomaEngine\include\core\game\IMainGame.hpp(50,29): warning C4251: 'IMainGame::m_sceneList': class 'std::unique_ptr<SceneList,std::default_delete<SceneList>>' needs to have dll-interface to be used by clients of class 'IMainGame'
C:\Users\fruit\Desktop\Engines\SomaEngine\SomaEngine\SomaEngine\include\core\game\IMainGame.hpp(50): message : see declaration of 'std::unique_ptr<SceneList,std::default_delete<SceneList>>'
C:\Users\fruit\Desktop\Engines\SomaEngine\SomaEngine\SomaEngine\include\core\game\IMainGame.hpp(56,14): warning C4251: 'IMainGame::m_windowTitle': class 'std::basic_string<char,std::char_traits<char>,std::allocator<char>>' needs to have dll-interface to be used by clients of class 'IMainGame'
C:\Program Files (x86)\Microsoft Visual Studio\2019\Community\VC\Tools\MSVC\14.29.30037\include\xstring(4905): message : see declaration of 'std::basic_string<char,std::char_traits<char>,std::allocator<char>>'
C:\Users\fruit\Desktop\Engines\SomaEngine\SomaEngine\SomaEngine\include\core\game\SceneList.hpp(27,22): warning C4251: 'SceneList::m_scenes': class 'std::vector<IScene *,std::allocator<IScene *>>' needs to have dll-interface to be used by clients of class 'SceneList'
C:\Users\fruit\Desktop\Engines\SomaEngine\SomaEngine\SomaEngine\include\core\game\SceneList.hpp(27): message : see declaration of 'std::vector<IScene *,std::allocator<IScene *>>'
C:\Users\fruit\Desktop\Engines\SomaEngine\SomaEngine\SomaEngine\include\core\Logger.hpp(22,42): warning C4251: 'SOMA_ENGINE::Logger::s_CoreLogger': class 'std::shared_ptr<spdlog::logger>' needs to have dll-interface to be used by clients of class 'SOMA_ENGINE::Logger'
C:\Users\fruit\Desktop\Engines\SomaEngine\SomaEngine\SomaEngine\vendor\spdlog\include\spdlog\details\registry.h(34): message : see declaration of 'std::shared_ptr<spdlog::logger>'
C:\Users\fruit\Desktop\Engines\SomaEngine\SomaEngine\SomaEngine\include\core\Logger.hpp(23,42): warning C4251: 'SOMA_ENGINE::Logger::s_ClientLogger': class 'std::shared_ptr<spdlog::logger>' needs to have dll-interface to be used by clients of class 'SOMA_ENGINE::Logger'
C:\Users\fruit\Desktop\Engines\SomaEngine\SomaEngine\SomaEngine\vendor\spdlog\include\spdlog\details\registry.h(34): message : see declaration of 'std::shared_ptr<spdlog::logger>'
C:\Users\fruit\Desktop\Engines\SomaEngine\SomaEngine\SomaEngine\src\core\game\IMainGame.cpp(26,20): warning C4244: 'initializing': conversion from 'double' to 'float', possible loss of data
C:\Users\fruit\Desktop\Engines\SomaEngine\SomaEngine\SomaEngine\src\core\game\IMainGame.cpp(36,20): warning C4244: '=': conversion from 'double' to 'float', possible loss of data
C:\Users\fruit\Desktop\Engines\SomaEngine\SomaEngine\SomaEngine\src\core\game\IMainGame.cpp(48,20): warning C4244: 'initializing': conversion from 'T' to 'float', possible loss of data
          with
          [
              T=double
          ]
  Generating Code...
     Creating library C:\Users\fruit\Desktop\Engines\SomaEngine\SomaEngine\x64\Debug\SomaEngine.lib and object C:\Users\fruit\Desktop\Engines\SomaEngine\SomaEngine\x64\Debug\SomaEngine.exp
SOIL.lib(stb_image_aug.obj) : warning LNK4099: PDB 'SOIL.pdb' was not found with 'SOIL.lib(stb_image_aug.obj)' or at 'C:\Users\fruit\Desktop\Engines\SomaEngine\SomaEngine\x64\Debug\SOIL.pdb'; linking object as if no debug info
  SomaEngine.vcxproj -> C:\Users\fruit\Desktop\Engines\SomaEngine\SomaEngine\x64\Debug\SomaEngine.dll
