c:\users\fruit\desktop\engines\somaengine\somaengine\somaengine\x64\debug\vc142.pdb
c:\users\fruit\desktop\engines\somaengine\somaengine\somaengine\x64\debug\vc142.idb
c:\users\fruit\desktop\engines\somaengine\somaengine\somaengine\x64\debug\sdltiming.obj
c:\users\fruit\desktop\engines\somaengine\somaengine\somaengine\x64\debug\sdleventprocessor.obj
c:\users\fruit\desktop\engines\somaengine\somaengine\somaengine\x64\debug\openglrenderdevice.obj
c:\users\fruit\desktop\engines\somaengine\somaengine\somaengine\x64\debug\vector.obj
c:\users\fruit\desktop\engines\somaengine\somaengine\somaengine\x64\debug\vecmath.obj
c:\users\fruit\desktop\engines\somaengine\somaengine\somaengine\x64\debug\quaternion.obj
c:\users\fruit\desktop\engines\somaengine\somaengine\somaengine\x64\debug\plane.obj
c:\users\fruit\desktop\engines\somaengine\somaengine\somaengine\x64\debug\matrix.obj
c:\users\fruit\desktop\engines\somaengine\somaengine\somaengine\x64\debug\color.obj
c:\users\fruit\desktop\engines\somaengine\somaengine\somaengine\x64\debug\genericmemory.obj
c:\users\fruit\desktop\engines\somaengine\somaengine\somaengine\x64\debug\gameeventhandler.obj
c:\users\fruit\desktop\engines\somaengine\somaengine\somaengine\x64\debug\systemsmanager.obj
c:\users\fruit\desktop\engines\somaengine\somaengine\somaengine\x64\debug\string.obj
c:\users\fruit\desktop\engines\somaengine\somaengine\somaengine\x64\debug\memory.obj
c:\users\fruit\desktop\engines\somaengine\somaengine\somaengine\x64\debug\logger.obj
c:\users\fruit\desktop\engines\somaengine\somaengine\somaengine\x64\debug\scenelist.obj
c:\users\fruit\desktop\engines\somaengine\somaengine\somaengine\x64\debug\resourcemanager.obj
c:\users\fruit\desktop\engines\somaengine\somaengine\somaengine\x64\debug\iscene.obj
c:\users\fruit\desktop\engines\somaengine\somaengine\somaengine\x64\debug\imaingame.obj
c:\users\fruit\desktop\engines\somaengine\somaengine\somaengine\x64\debug\fpcamera.obj
c:\users\fruit\desktop\engines\somaengine\somaengine\somaengine\x64\debug\modelloader.obj
c:\users\fruit\desktop\engines\somaengine\somaengine\somaengine\x64\debug\model.obj
c:\users\fruit\desktop\engines\somaengine\somaengine\somaengine\x64\debug\indexedmodel.obj
c:\users\fruit\desktop\engines\somaengine\somaengine\somaengine\x64\debug\ddstexture.obj
c:\users\fruit\desktop\engines\somaengine\somaengine\somaengine\x64\debug\arraybitmap.obj
c:\users\fruit\desktop\engines\somaengine\somaengine\somaengine\x64\debug\sdlwindow.obj
c:\users\fruit\desktop\engines\somaengine\somaengine\somaengine\x64\debug\cmwc4096.obj
c:\users\fruit\desktop\engines\somaengine\somaengine\x64\debug\somaengine.dll
c:\users\fruit\desktop\engines\somaengine\somaengine\somaengine\x64\debug\somaengine.ilk
c:\users\fruit\desktop\engines\somaengine\somaengine\x64\debug\somaengine.pdb
c:\users\fruit\desktop\engines\somaengine\somaengine\x64\debug\somaengine.lib
c:\users\fruit\desktop\engines\somaengine\somaengine\x64\debug\somaengine.exp
c:\users\fruit\desktop\engines\somaengine\somaengine\somaengine\x64\debug\somaengine.tlog\cl.command.1.tlog
c:\users\fruit\desktop\engines\somaengine\somaengine\somaengine\x64\debug\somaengine.tlog\cl.read.1.tlog
c:\users\fruit\desktop\engines\somaengine\somaengine\somaengine\x64\debug\somaengine.tlog\cl.write.1.tlog
c:\users\fruit\desktop\engines\somaengine\somaengine\somaengine\x64\debug\somaengine.tlog\link.command.1.tlog
c:\users\fruit\desktop\engines\somaengine\somaengine\somaengine\x64\debug\somaengine.tlog\link.read.1.tlog
c:\users\fruit\desktop\engines\somaengine\somaengine\somaengine\x64\debug\somaengine.tlog\link.write.1.tlog
c:\users\fruit\desktop\engines\somaengine\somaengine\somaengine\x64\debug\somaengine.tlog\somaengine.write.1u.tlog
