c:\users\fruit\desktop\engines\somaengine\somaengine\somaengine\debug\somaengine.pdb
c:\users\fruit\desktop\engines\somaengine\somaengine\somaengine\debug\somaengine.idb
c:\users\fruit\desktop\engines\somaengine\somaengine\somaengine\debug\sdlwindow.obj
c:\users\fruit\desktop\engines\somaengine\somaengine\somaengine\debug\sdltiming.obj
c:\users\fruit\desktop\engines\somaengine\somaengine\somaengine\debug\sdlapplication.obj
c:\users\fruit\desktop\engines\somaengine\somaengine\somaengine\debug\openglrenderdevice.obj
c:\users\fruit\desktop\engines\somaengine\somaengine\somaengine\debug\vector.obj
c:\users\fruit\desktop\engines\somaengine\somaengine\somaengine\debug\vecmath.obj
c:\users\fruit\desktop\engines\somaengine\somaengine\somaengine\debug\quaternion.obj
c:\users\fruit\desktop\engines\somaengine\somaengine\somaengine\debug\plane.obj
c:\users\fruit\desktop\engines\somaengine\somaengine\somaengine\debug\matrix.obj
c:\users\fruit\desktop\engines\somaengine\somaengine\somaengine\debug\color.obj
c:\users\fruit\desktop\engines\somaengine\somaengine\somaengine\debug\genericmemory.obj
c:\users\fruit\desktop\engines\somaengine\somaengine\somaengine\debug\gameeventhandler.obj
c:\users\fruit\desktop\engines\somaengine\somaengine\somaengine\debug\systemsmanager.obj
c:\users\fruit\desktop\engines\somaengine\somaengine\somaengine\debug\string.obj
c:\users\fruit\desktop\engines\somaengine\somaengine\somaengine\debug\memory.obj
c:\users\fruit\desktop\engines\somaengine\somaengine\somaengine\debug\scenelist.obj
c:\users\fruit\desktop\engines\somaengine\somaengine\somaengine\debug\resourcemanager.obj
c:\users\fruit\desktop\engines\somaengine\somaengine\somaengine\debug\iscene.obj
c:\users\fruit\desktop\engines\somaengine\somaengine\somaengine\debug\imaingame.obj
c:\users\fruit\desktop\engines\somaengine\somaengine\somaengine\debug\fpcamera.obj
c:\users\fruit\desktop\engines\somaengine\somaengine\somaengine\debug\modelloader.obj
c:\users\fruit\desktop\engines\somaengine\somaengine\somaengine\debug\model.obj
c:\users\fruit\desktop\engines\somaengine\somaengine\somaengine\debug\indexedmodel.obj
c:\users\fruit\desktop\engines\somaengine\somaengine\somaengine\debug\ddstexture.obj
c:\users\fruit\desktop\engines\somaengine\somaengine\somaengine\debug\arraybitmap.obj
c:\users\fruit\desktop\engines\somaengine\somaengine\somaengine\debug\cmwc4096.obj
c:\users\fruit\desktop\engines\somaengine\somaengine\debug\somaengine.lib
c:\users\fruit\desktop\engines\somaengine\somaengine\somaengine\debug\somaengine.tlog\cl.command.1.tlog
c:\users\fruit\desktop\engines\somaengine\somaengine\somaengine\debug\somaengine.tlog\cl.read.1.tlog
c:\users\fruit\desktop\engines\somaengine\somaengine\somaengine\debug\somaengine.tlog\cl.write.1.tlog
c:\users\fruit\desktop\engines\somaengine\somaengine\somaengine\debug\somaengine.tlog\lib-link.read.1.tlog
c:\users\fruit\desktop\engines\somaengine\somaengine\somaengine\debug\somaengine.tlog\lib-link.write.1.tlog
c:\users\fruit\desktop\engines\somaengine\somaengine\somaengine\debug\somaengine.tlog\lib.command.1.tlog
