  TestScene.cpp
C:\Users\fruit\Desktop\Engines\SomaEngine\SomaEngine\SomaEngine\include\platform\opengl\OpenGLRenderDevice.hpp(226,14): warning C4251: 'OpenGLRenderDevice::shaderVersion': class 'std::basic_string<char,std::char_traits<char>,std::allocator<char>>' needs to have dll-interface to be used by clients of class 'OpenGLRenderDevice'
C:\Program Files (x86)\Microsoft Visual Studio\2019\Community\VC\Tools\MSVC\14.29.30037\include\xstring(4905): message : see declaration of 'std::basic_string<char,std::char_traits<char>,std::allocator<char>>'
C:\Users\fruit\Desktop\Engines\SomaEngine\SomaEngine\SomaEngine\include\platform\opengl\OpenGLRenderDevice.hpp(228,27): warning C4251: 'OpenGLRenderDevice::vaoMap': class 'std::map<uint32,OpenGLRenderDevice::VertexArray,std::less<uint32>,std::allocator<std::pair<const uint32,OpenGLRenderDevice::VertexArray>>>' needs to have dll-interface to be used by clients of class 'OpenGLRenderDevice'
C:\Users\fruit\Desktop\Engines\SomaEngine\SomaEngine\SomaEngine\include\platform\opengl\OpenGLRenderDevice.hpp(228): message : see declaration of 'std::map<uint32,OpenGLRenderDevice::VertexArray,std::less<uint32>,std::allocator<std::pair<const uint32,OpenGLRenderDevice::VertexArray>>>'
C:\Users\fruit\Desktop\Engines\SomaEngine\SomaEngine\SomaEngine\include\platform\opengl\OpenGLRenderDevice.hpp(229,23): warning C4251: 'OpenGLRenderDevice::fboMap': class 'std::map<uint32,OpenGLRenderDevice::FBOData,std::less<uint32>,std::allocator<std::pair<const uint32,OpenGLRenderDevice::FBOData>>>' needs to have dll-interface to be used by clients of class 'OpenGLRenderDevice'
C:\Users\fruit\Desktop\Engines\SomaEngine\SomaEngine\SomaEngine\include\platform\opengl\OpenGLRenderDevice.hpp(229): message : see declaration of 'std::map<uint32,OpenGLRenderDevice::FBOData,std::less<uint32>,std::allocator<std::pair<const uint32,OpenGLRenderDevice::FBOData>>>'
C:\Users\fruit\Desktop\Engines\SomaEngine\SomaEngine\SomaEngine\include\platform\opengl\OpenGLRenderDevice.hpp(230,29): warning C4251: 'OpenGLRenderDevice::shaderProgramMap': class 'std::map<uint32,OpenGLRenderDevice::ShaderProgram,std::less<uint32>,std::allocator<std::pair<const uint32,OpenGLRenderDevice::ShaderProgram>>>' needs to have dll-interface to be used by clients of class 'OpenGLRenderDevice'
C:\Users\fruit\Desktop\Engines\SomaEngine\SomaEngine\SomaEngine\include\platform\opengl\OpenGLRenderDevice.hpp(230): message : see declaration of 'std::map<uint32,OpenGLRenderDevice::ShaderProgram,std::less<uint32>,std::allocator<std::pair<const uint32,OpenGLRenderDevice::ShaderProgram>>>'
C:\Users\fruit\Desktop\Engines\SomaEngine\SomaEngine\SomaEngine\include\core\Logger.hpp(22,42): warning C4251: 'SOMA_ENGINE::Logger::s_CoreLogger': class 'std::shared_ptr<spdlog::logger>' needs to have dll-interface to be used by clients of class 'SOMA_ENGINE::Logger'
C:\Users\fruit\Desktop\Engines\SomaEngine\SomaEngine\SomaEngine\vendor\spdlog\include\spdlog\details\registry.h(34): message : see declaration of 'std::shared_ptr<spdlog::logger>'
C:\Users\fruit\Desktop\Engines\SomaEngine\SomaEngine\SomaEngine\include\core\Logger.hpp(23,42): warning C4251: 'SOMA_ENGINE::Logger::s_ClientLogger': class 'std::shared_ptr<spdlog::logger>' needs to have dll-interface to be used by clients of class 'SOMA_ENGINE::Logger'
C:\Users\fruit\Desktop\Engines\SomaEngine\SomaEngine\SomaEngine\vendor\spdlog\include\spdlog\details\registry.h(34): message : see declaration of 'std::shared_ptr<spdlog::logger>'
C:\Users\fruit\Desktop\Engines\SomaEngine\SomaEngine\SomaEngine\include\GameRenderContext.hpp(34,1): warning C4267: 'argument': conversion from 'size_t' to 'uint32', possible loss of data
C:\Users\fruit\Desktop\Engines\SomaEngine\SomaEngine\SomaEngine\include\GameEventHandler.hpp(23,59): warning C4251: 'GameEventHandler::m_inputs': class 'std::map<uint32,std::vector<std::pair<float,InputControl &>,std::allocator<std::pair<float,InputControl &>>>,std::less<uint32>,std::allocator<std::pair<const uint32,std::vector<std::pair<float,InputControl &>,std::allocator<std::pair<float,InputControl &>>>>>>' needs to have dll-interface to be used by clients of class 'GameEventHandler'
C:\Users\fruit\Desktop\Engines\SomaEngine\SomaEngine\SomaEngine\include\GameEventHandler.hpp(23): message : see declaration of 'std::map<uint32,std::vector<std::pair<float,InputControl &>,std::allocator<std::pair<float,InputControl &>>>,std::less<uint32>,std::allocator<std::pair<const uint32,std::vector<std::pair<float,InputControl &>,std::allocator<std::pair<float,InputControl &>>>>>>'
C:\Users\fruit\Desktop\Engines\SomaEngine\SomaEngine\SomaEngine\include\core\game\ResourceManager.hpp(14,29): warning C4251: 'TextureCache::m_textureMap': class 'std::map<std::string,Texture *,std::less<std::string>,std::allocator<std::pair<const std::string,Texture *>>>' needs to have dll-interface to be used by clients of class 'TextureCache'
C:\Users\fruit\Desktop\Engines\SomaEngine\SomaEngine\SomaEngine\include\core\game\ResourceManager.hpp(14): message : see declaration of 'std::map<std::string,Texture *,std::less<std::string>,std::allocator<std::pair<const std::string,Texture *>>>'
C:\Users\fruit\Desktop\Engines\SomaEngine\SomaEngine\SomaEngine\include\core\game\ResourceManager.hpp(24,27): warning C4251: 'ModelCache::m_modelMap': class 'std::map<std::string,Model *,std::less<std::string>,std::allocator<std::pair<const std::string,Model *>>>' needs to have dll-interface to be used by clients of class 'ModelCache'
C:\Users\fruit\Desktop\Engines\SomaEngine\SomaEngine\SomaEngine\include\core\game\ResourceManager.hpp(24): message : see declaration of 'std::map<std::string,Model *,std::less<std::string>,std::allocator<std::pair<const std::string,Model *>>>'
C:\Users\fruit\Desktop\Engines\SomaEngine\SomaEngine\SomaEngine\include\core\game\ResourceManager.hpp(33,28): warning C4251: 'ShaderCache::m_shaderMap': class 'std::map<std::string,Shader *,std::less<std::string>,std::allocator<std::pair<const std::string,Shader *>>>' needs to have dll-interface to be used by clients of class 'ShaderCache'
C:\Users\fruit\Desktop\Engines\SomaEngine\SomaEngine\SomaEngine\include\core\game\ResourceManager.hpp(33): message : see declaration of 'std::map<std::string,Shader *,std::less<std::string>,std::allocator<std::pair<const std::string,Shader *>>>'
C:\Users\fruit\Desktop\Engines\SomaEngine\SomaEngine\SomaEngine\include\core\game\IMainGame.hpp(50,29): warning C4251: 'IMainGame::m_sceneList': class 'std::unique_ptr<SceneList,std::default_delete<SceneList>>' needs to have dll-interface to be used by clients of class 'IMainGame'
C:\Users\fruit\Desktop\Engines\SomaEngine\SomaEngine\SomaEngine\include\core\game\IMainGame.hpp(50): message : see declaration of 'std::unique_ptr<SceneList,std::default_delete<SceneList>>'
C:\Users\fruit\Desktop\Engines\SomaEngine\SomaEngine\SomaEngine\include\core\game\IMainGame.hpp(56,14): warning C4251: 'IMainGame::m_windowTitle': class 'std::basic_string<char,std::char_traits<char>,std::allocator<char>>' needs to have dll-interface to be used by clients of class 'IMainGame'
C:\Program Files (x86)\Microsoft Visual Studio\2019\Community\VC\Tools\MSVC\14.29.30037\include\xstring(4905): message : see declaration of 'std::basic_string<char,std::char_traits<char>,std::allocator<char>>'
C:\Users\fruit\Desktop\Engines\SomaEngine\SomaEngine\SomaEngine\include\camera\FPCamera.hpp(16,12): warning C4251: 'FPCamera::transform': class 'Transform' needs to have dll-interface to be used by clients of class 'FPCamera'
C:\Users\fruit\Desktop\Engines\SomaEngine\SomaEngine\SomaEngine\include\math\Transform.hpp(7): message : see declaration of 'Transform'
C:\Users\fruit\Desktop\Engines\SomaEngine\SomaEngine\SomaEngine\include\camera\FPCamera.hpp(29,15): warning C4251: 'FPCamera::m_movementX': class 'InputControl' needs to have dll-interface to be used by clients of class 'FPCamera'
C:\Users\fruit\Desktop\Engines\SomaEngine\SomaEngine\SomaEngine\include\InputControl.hpp(4): message : see declaration of 'InputControl'
C:\Users\fruit\Desktop\Engines\SomaEngine\SomaEngine\SomaEngine\include\camera\FPCamera.hpp(30,15): warning C4251: 'FPCamera::m_movementY': class 'InputControl' needs to have dll-interface to be used by clients of class 'FPCamera'
C:\Users\fruit\Desktop\Engines\SomaEngine\SomaEngine\SomaEngine\include\InputControl.hpp(4): message : see declaration of 'InputControl'
C:\Users\fruit\Desktop\Engines\SomaEngine\SomaEngine\SomaEngine\include\camera\FPCamera.hpp(31,15): warning C4251: 'FPCamera::m_movementZ': class 'InputControl' needs to have dll-interface to be used by clients of class 'FPCamera'
C:\Users\fruit\Desktop\Engines\SomaEngine\SomaEngine\SomaEngine\include\InputControl.hpp(4): message : see declaration of 'InputControl'
C:\Users\fruit\Desktop\Engines\SomaEngine\SomaEngine\SomaEngine\include\camera\FPCamera.hpp(34,9): warning C4251: 'FPCamera::m_projection': class 'Matrix' needs to have dll-interface to be used by clients of class 'FPCamera'
C:\Users\fruit\Desktop\Engines\SomaEngine\SomaEngine\SomaEngine\include\math\Matrix.hpp(8): message : see declaration of 'Matrix'
C:\Users\fruit\Desktop\Engines\SomaEngine\SomaEngine\SomaEngine\include\entt\SystemsManager.hpp(88,71): warning C4251: 'SystemsManager::m_systems': class 'std::unordered_map<BaseSystem::Family,std::shared_ptr<BaseSystem>,std::hash<BaseSystem::Family>,std::equal_to<BaseSystem::Family>,std::allocator<std::pair<const BaseSystem::Family,std::shared_ptr<BaseSystem>>>>' needs to have dll-interface to be used by clients of class 'SystemsManager'
C:\Users\fruit\Desktop\Engines\SomaEngine\SomaEngine\SomaEngine\include\entt\SystemsManager.hpp(88): message : see declaration of 'std::unordered_map<BaseSystem::Family,std::shared_ptr<BaseSystem>,std::hash<BaseSystem::Family>,std::equal_to<BaseSystem::Family>,std::allocator<std::pair<const BaseSystem::Family,std::shared_ptr<BaseSystem>>>>'
C:\Users\fruit\Desktop\Engines\SomaEngine\SomaEngine\SandBox\TestScene.cpp(71,15): warning C4101: 'previousEnt': unreferenced local variable
x64\Debug\MainGame.obj : warning LNK4042: object specified more than once; extras ignored
  SandBox.vcxproj -> C:\Users\fruit\Desktop\Engines\SomaEngine\SomaEngine\x64\Debug\SandBox.exe
